[nukkitultimate.webflow.io/index.html]
[backblue.gif]
[fade.gif]
[index.html]
[uploads-ssl.webflow.com/600eaf59fb39c7561d19b15a/css/nukkitultimate.webflow.de386e670.css]
[ajax.googleapis.com/ajax/libs/webfont/1.6.26/webfont.js]
[uploads-ssl.webflow.com/img/favicon.ico]
[uploads-ssl.webflow.com/img/webclip.png]
[uploads-ssl.webflow.com/600eaf59fb39c7561d19b15a/600eaf5972061a6380d47a0b_feather-15-white.svg]
[uploads-ssl.webflow.com/600eaf59fb39c7561d19b15a/600ee713b30c3b4d06c40704_logoeeee.png]
[uploads-ssl.webflow.com/600eaf59fb39c7561d19b15a/600ee5feae7a0d395a86923f_about.png]
[uploads-ssl.webflow.com/600eaf59fb39c7561d19b15a/600eaf5972061a36f5d47a1a_social-33.svg]
[uploads-ssl.webflow.com/600eaf59fb39c7561d19b15a/js/webflow.64b128174.js]
[d3e54v103j8qbb.cloudfront.net/js/jquery-3.5.1.min.dc5e7f18c87814.js]
[nukkitultimate.webflow.io/index.html]
[nukkitultimate.webflow.io/contact.html]
[d3e54v103j8qbb.cloudfront.net/js/jquery-3.5.1.min.dc5e7f18c87814.js]
[uploads-ssl.webflow.com/600eaf59fb39c7561d19b15a/600edde0ab006401f432b3c6_FINAL_PM1EComposite.png]
[uploads-ssl.webflow.com/600eaf59fb39c7561d19b15a/css/nukkitultimate.webflow.de386e670.css]
[uploads-ssl.webflow.com/600eaf59fb39c7561d19b15a/600eaf5972061a6380d47a0b_feather-15-white.svg]
[uploads-ssl.webflow.com/600eaf59fb39c7561d19b15a/600eaf5972061a1628d479f4_feather2-17-white.svg]
[uploads-ssl.webflow.com/600eaf59fb39c7561d19b15a/600eaf5972061a15cbd47a1c_feather2-22-white.svg]
[uploads-ssl.webflow.com/600eaf59fb39c7561d19b15a/600eaf5972061a36f5d47a1a_social-33.svg]
[uploads-ssl.webflow.com/600eaf59fb39c7561d19b15a/600eaf5972061aacf0d47a30_social-28.svg]
[uploads-ssl.webflow.com/600eaf59fb39c7561d19b15a/600eaf5972061a1209d479f6_social-23.svg]
[nukkitultimate.webflow.io/contact.html]
